<?xml version="1.0" encoding="UTF-8"?>
<!-- Generated by org.testng.reporters.JUnitXMLReporter -->
<testsuite hostname="DESKTOP-8DUI1RP" ignored="0" name="Sample test" tests="5" failures="2" timestamp="26 Jun 2019 04:53:39 GMT" time="187.921" errors="0">
  <testcase name="Register" time="13.264" classname="com.training.sanity.tests.RTTC_001">
    <failure type="java.lang.AssertionError" message="Account could not be created expected [Congratulations! Your new account has been successfully created!] but found [If you already have an account with us, please login at the login page.]">
      <![CDATA[java.lang.AssertionError: Account could not be created expected [Congratulations! Your new account has been successfully created!] but found [If you already have an account with us, please login at the login page.]
at com.training.sanity.tests.RTTC_001.Register(RTTC_001.java:76)
... Removed 30 stack frames]]>
    </failure>
  </testcase> <!-- Register -->
  <testcase name="Register" time="7.348" classname="com.training.sanity.tests.RTTC_002"/>
  <testcase name="Register" time="9.752" classname="com.training.sanity.tests.RTTC_003"/>
  <testcase name="Register" time="44.184" classname="com.training.sanity.tests.RTTC_004">
    <failure type="org.openqa.selenium.NoSuchElementException" message="no such element: Unable to locate element: {&amp;quot;method&amp;quot;:&amp;quot;xpath&amp;quot;,&amp;quot;selector&amp;quot;:&amp;quot;//div[@id=&amp;apos;System_s3bhXNDb&amp;apos;]/child::div[1]/p[1]&amp;quot;}
  (Session info: chrome=75.0.3770.100)
For documentation on this error, please visit: http://seleniumhq.org/exceptions/no_such_element.html
Build info: version: &amp;apos;3.6.0&amp;apos;, revision: &amp;apos;6fbf3ec767&amp;apos;, time: &amp;apos;2017-09-27T15:28:36.4Z&amp;apos;
System info: host: &amp;apos;DESKTOP-8DUI1RP&amp;apos;, ip: &amp;apos;9.81.196.194&amp;apos;, os.name: &amp;apos;Windows 10&amp;apos;, os.arch: &amp;apos;amd64&amp;apos;, os.version: &amp;apos;10.0&amp;apos;, java.version: &amp;apos;1.8.0_211&amp;apos;
Driver info: org.openqa.selenium.chrome.ChromeDriver
Capabilities [{networkConnectionEnabled=false, chrome={chromedriverVersion=75.0.3770.8 (681f24ea911fe754973dda2fdc6d2a2e159dd300-refs/branch-heads/3770@{#40}), userDataDir=C:\Users\ABDULR~1\AppData\Local\Temp\scoped_dir6080_19220}, timeouts={implicit=0, pageLoad=300000, script=30000}, pageLoadStrategy=normal, unhandledPromptBehavior=dismiss and notify, strictFileInteractability=false, platform=XP, proxy=Proxy(), goog:chromeOptions={debuggerAddress=localhost:52117}, acceptInsecureCerts=false, browserVersion=75.0.3770.100, browserName=chrome, javascriptEnabled=true, platformName=XP, setWindowRect=true}]
Session ID: c44f14d0ea3fe105efb98f7f595a406e
*** Element info: {Using=xpath, value=//div[@id=&amp;apos;System_s3bhXNDb&amp;apos;]/child::div[1]/p[1]}">
      <![CDATA[org.openqa.selenium.NoSuchElementException: no such element: Unable to locate element: {"method":"xpath","selector":"//div[@id='System_s3bhXNDb']/child::div[1]/p[1]"}
  (Session info: chrome=75.0.3770.100)
For documentation on this error, please visit: http://seleniumhq.org/exceptions/no_such_element.html
Build info: version: '3.6.0', revision: '6fbf3ec767', time: '2017-09-27T15:28:36.4Z'
System info: host: 'DESKTOP-8DUI1RP', ip: '9.81.196.194', os.name: 'Windows 10', os.arch: 'amd64', os.version: '10.0', java.version: '1.8.0_211'
Driver info: org.openqa.selenium.chrome.ChromeDriver
Capabilities [{networkConnectionEnabled=false, chrome={chromedriverVersion=75.0.3770.8 (681f24ea911fe754973dda2fdc6d2a2e159dd300-refs/branch-heads/3770@{#40}), userDataDir=C:\Users\ABDULR~1\AppData\Local\Temp\scoped_dir6080_19220}, timeouts={implicit=0, pageLoad=300000, script=30000}, pageLoadStrategy=normal, unhandledPromptBehavior=dismiss and notify, strictFileInteractability=false, platform=XP, proxy=Proxy(), goog:chromeOptions={debuggerAddress=localhost:52117}, acceptInsecureCerts=false, browserVersion=75.0.3770.100, browserName=chrome, javascriptEnabled=true, platformName=XP, setWindowRect=true}]
Session ID: c44f14d0ea3fe105efb98f7f595a406e
*** Element info: {Using=xpath, value=//div[@id='System_s3bhXNDb']/child::div[1]/p[1]}
at org.openqa.selenium.remote.http.W3CHttpResponseCodec.createException(W3CHttpResponseCodec.java:185)
at org.openqa.selenium.remote.http.W3CHttpResponseCodec.decode(W3CHttpResponseCodec.java:120)
at org.openqa.selenium.remote.http.W3CHttpResponseCodec.decode(W3CHttpResponseCodec.java:49)
at org.openqa.selenium.remote.HttpCommandExecutor.execute(HttpCommandExecutor.java:164)
at org.openqa.selenium.remote.service.DriverCommandExecutor.execute(DriverCommandExecutor.java:83)
at org.openqa.selenium.remote.RemoteWebDriver.execute(RemoteWebDriver.java:586)
at org.openqa.selenium.remote.RemoteWebDriver.findElement(RemoteWebDriver.java:356)
at org.openqa.selenium.remote.RemoteWebDriver.findElementByXPath(RemoteWebDriver.java:458)
at org.openqa.selenium.By$ByXPath.findElement(By.java:361)
at org.openqa.selenium.remote.RemoteWebDriver.findElement(RemoteWebDriver.java:348)
at org.openqa.selenium.support.pagefactory.DefaultElementLocator.findElement(DefaultElementLocator.java:69)
at org.openqa.selenium.support.pagefactory.internal.LocatingElementHandler.invoke(LocatingElementHandler.java:38)
at com.sun.proxy.$Proxy10.getText(Unknown Source)
at com.training.pom.MyOrders_RTTC004.verifysuccessmsg(MyOrders_RTTC004.java:49)
at com.training.sanity.tests.RTTC_004.Register(RTTC_004.java:72)
... Removed 29 stack frames]]>
    </failure>
  </testcase> <!-- Register -->
  <testcase name="Register" time="39.003" classname="com.training.sanity.tests.RTTC_005"/>
</testsuite> <!-- Sample test -->
